<?xml version="1.0" encoding="UTF-8"?>
<!-- Generated by org.testng.reporters.JUnitXMLReporter -->
<testsuite ignored="0" hostname="DESKTOP-CEL71GS" failures="1" tests="3" name="Test" time="50.819" errors="0" timestamp="2020-04-18T19:56:22 IST">
  <testcase classname="cucumber.api.testng.AbstractTestNGCucumberTests" name="feature" time="17.084">
    <skipped/>
  </testcase> <!-- feature -->
  <testcase classname="cucumber.api.testng.AbstractTestNGCucumberTests" name="feature" time="18.554">
    <skipped/>
  </testcase> <!-- feature -->
  <testcase classname="cucumber.api.testng.AbstractTestNGCucumberTests" name="feature" time="12.895">
    <failure type="cucumber.runtime.CucumberException" message="cucumber.deps.com.thoughtworks.xstream.converters.ConversionException: Couldn&amp;apos;t convert WINDOWS7 to org.openqa.selenium.Platform. Legal values are [WINDOWS, XP, VISTA, WIN8, WIN8_1, WIN10, MAC, OS X 10.6, OS X 10.8, OS X 10.9, OS X 10.10, OS X 10.11, macOS 10.12, macOS 10.13, macOS 10.14, UNIX, LINUX, ANDROID, IOS, ANY]
---- Debugging information ----
-------------------------------">
      <![CDATA[cucumber.runtime.CucumberException: cucumber.deps.com.thoughtworks.xstream.converters.ConversionException: Couldn't convert WINDOWS7 to org.openqa.selenium.Platform. Legal values are [WINDOWS, XP, VISTA, WIN8, WIN8_1, WIN10, MAC, OS X 10.6, OS X 10.8, OS X 10.9, OS X 10.10, OS X 10.11, macOS 10.12, macOS 10.13, macOS 10.14, UNIX, LINUX, ANDROID, IOS, ANY]
---- Debugging information ----
-------------------------------
at cucumber.api.testng.TestNGCucumberRunner.runCucumber(TestNGCucumberRunner.java:69)
at cucumber.api.testng.AbstractTestNGCucumberTests.feature(AbstractTestNGCucumberTests.java:21)
at java.base/java.util.ArrayList.forEach(ArrayList.java:1510)
Caused by: cucumber.deps.com.thoughtworks.xstream.converters.ConversionException: Couldn't convert WINDOWS7 to org.openqa.selenium.Platform. Legal values are [WINDOWS, XP, VISTA, WIN8, WIN8_1, WIN10, MAC, OS X 10.6, OS X 10.8, OS X 10.9, OS X 10.10, OS X 10.11, macOS 10.12, macOS 10.13, macOS 10.14, UNIX, LINUX, ANDROID, IOS, ANY]
---- Debugging information ----
-------------------------------
at cucumber.runtime.xstream.ConverterWithEnumFormat.transform(ConverterWithEnumFormat.java:37)
at cucumber.runtime.xstream.ConverterWithEnumFormat.transform(ConverterWithEnumFormat.java:14)
at cucumber.api.Transformer.fromString(Transformer.java:91)
at cucumber.deps.com.thoughtworks.xstream.converters.SingleValueConverterWrapper.fromString(SingleValueConverterWrapper.java:41)
at cucumber.runtime.ParameterInfo.convert(ParameterInfo.java:164)
at cucumber.runtime.StepDefinitionMatch.transformedArgs(StepDefinitionMatch.java:68)
at cucumber.runtime.StepDefinitionMatch.runStep(StepDefinitionMatch.java:37)
at cucumber.runtime.Runtime.runStep(Runtime.java:300)
at cucumber.runtime.model.StepContainer.runStep(StepContainer.java:44)
at cucumber.runtime.model.StepContainer.runSteps(StepContainer.java:39)
at cucumber.runtime.model.CucumberScenario.run(CucumberScenario.java:44)
at cucumber.runtime.model.CucumberScenarioOutline.run(CucumberScenarioOutline.java:46)
at cucumber.runtime.model.CucumberFeature.run(CucumberFeature.java:165)
at cucumber.api.testng.TestNGCucumberRunner.runCucumber(TestNGCucumberRunner.java:63)
at cucumber.api.testng.AbstractTestNGCucumberTests.feature(AbstractTestNGCucumberTests.java:21)
at java.base/java.util.ArrayList.forEach(ArrayList.java:1510)
at âœ½.Given user navigates to the website "WINDOWS7", "chrome", "80", "https://www.javatpoint.com"(src/test/java/com/features/login.feature:5)
... Removed 54 stack frames]]>
    </failure>
  </testcase> <!-- feature -->
</testsuite> <!-- Test -->
