<?xml version="1.0" encoding="UTF-8"?>
<!-- Generated by org.testng.reporters.JUnitReportReporter -->
<testsuite hostname="DESKTOP-CEL71GS" failures="0" tests="3" name="com.runner.TestRunner" time="48.533" errors="1" timestamp="2020-04-18T19:56:22 IST" skipped="2">
  <testcase classname="com.runner.TestRunner" name="feature" time="18.554">
    <skipped/>
  </testcase> <!-- feature -->
  <testcase classname="com.runner.TestRunner" name="feature" time="12.895">
    <error message="cucumber.deps.com.thoughtworks.xstream.converters.ConversionException: Couldn&#039;t convert WINDOWS7 to org.openqa.selenium.Platform. Legal values are [WINDOWS, XP, VISTA, WIN8, WIN8_1, WIN10, MAC, OS X 10.6, OS X 10.8, OS X 10.9, OS X 10.10, OS X 10.11, macOS 10.12, macOS 10.13, macOS 10.14, UNIX, LINUX, ANDROID, IOS, ANY]
---- Debugging information ----
-------------------------------" type="cucumber.runtime.CucumberException">
      <![CDATA[cucumber.runtime.CucumberException: cucumber.deps.com.thoughtworks.xstream.converters.ConversionException: Couldn't convert WINDOWS7 to org.openqa.selenium.Platform. Legal values are [WINDOWS, XP, VISTA, WIN8, WIN8_1, WIN10, MAC, OS X 10.6, OS X 10.8, OS X 10.9, OS X 10.10, OS X 10.11, macOS 10.12, macOS 10.13, macOS 10.14, UNIX, LINUX, ANDROID, IOS, ANY]
---- Debugging information ----
-------------------------------
at cucumber.api.testng.TestNGCucumberRunner.runCucumber(TestNGCucumberRunner.java:69)
at cucumber.api.testng.AbstractTestNGCucumberTests.feature(AbstractTestNGCucumberTests.java:21)
at java.base/jdk.internal.reflect.NativeMethodAccessorImpl.invoke0(Native Method)
at java.base/jdk.internal.reflect.NativeMethodAccessorImpl.invoke(NativeMethodAccessorImpl.java:62)
at java.base/jdk.internal.reflect.DelegatingMethodAccessorImpl.invoke(DelegatingMethodAccessorImpl.java:43)
at java.base/java.lang.reflect.Method.invoke(Method.java:564)
at org.testng.internal.MethodInvocationHelper.invokeMethod(MethodInvocationHelper.java:133)
at org.testng.internal.TestInvoker.invokeMethod(TestInvoker.java:584)
at org.testng.internal.TestInvoker.retryFailed(TestInvoker.java:204)
at org.testng.internal.MethodRunner.runInSequence(MethodRunner.java:58)
at org.testng.internal.TestInvoker$MethodInvocationAgent.invoke(TestInvoker.java:804)
at org.testng.internal.TestInvoker.invokeTestMethods(TestInvoker.java:145)
at org.testng.internal.TestMethodWorker.invokeTestMethods(TestMethodWorker.java:146)
at org.testng.internal.TestMethodWorker.run(TestMethodWorker.java:128)
at java.base/java.util.ArrayList.forEach(ArrayList.java:1510)
at org.testng.TestRunner.privateRun(TestRunner.java:770)
at org.testng.TestRunner.run(TestRunner.java:591)
at org.testng.SuiteRunner.runTest(SuiteRunner.java:402)
at org.testng.SuiteRunner.runSequentially(SuiteRunner.java:396)
at org.testng.SuiteRunner.privateRun(SuiteRunner.java:355)
at org.testng.SuiteRunner.run(SuiteRunner.java:304)
at org.testng.SuiteRunnerWorker.runSuite(SuiteRunnerWorker.java:53)
at org.testng.SuiteRunnerWorker.run(SuiteRunnerWorker.java:96)
at org.testng.TestNG.runSuitesSequentially(TestNG.java:1180)
at org.testng.TestNG.runSuitesLocally(TestNG.java:1102)
at org.testng.TestNG.runSuites(TestNG.java:1032)
at org.testng.TestNG.run(TestNG.java:1000)
at org.testng.remote.AbstractRemoteTestNG.run(AbstractRemoteTestNG.java:115)
at org.testng.remote.RemoteTestNG.initAndRun(RemoteTestNG.java:251)
at org.testng.remote.RemoteTestNG.main(RemoteTestNG.java:77)
Caused by: cucumber.deps.com.thoughtworks.xstream.converters.ConversionException: Couldn't convert WINDOWS7 to org.openqa.selenium.Platform. Legal values are [WINDOWS, XP, VISTA, WIN8, WIN8_1, WIN10, MAC, OS X 10.6, OS X 10.8, OS X 10.9, OS X 10.10, OS X 10.11, macOS 10.12, macOS 10.13, macOS 10.14, UNIX, LINUX, ANDROID, IOS, ANY]
---- Debugging information ----
-------------------------------
at cucumber.runtime.xstream.ConverterWithEnumFormat.transform(ConverterWithEnumFormat.java:37)
at cucumber.runtime.xstream.ConverterWithEnumFormat.transform(ConverterWithEnumFormat.java:14)
at cucumber.api.Transformer.fromString(Transformer.java:91)
at cucumber.deps.com.thoughtworks.xstream.converters.SingleValueConverterWrapper.fromString(SingleValueConverterWrapper.java:41)
at cucumber.runtime.ParameterInfo.convert(ParameterInfo.java:164)
at cucumber.runtime.StepDefinitionMatch.transformedArgs(StepDefinitionMatch.java:68)
at cucumber.runtime.StepDefinitionMatch.runStep(StepDefinitionMatch.java:37)
at cucumber.runtime.Runtime.runStep(Runtime.java:300)
at cucumber.runtime.model.StepContainer.runStep(StepContainer.java:44)
at cucumber.runtime.model.StepContainer.runSteps(StepContainer.java:39)
at cucumber.runtime.model.CucumberScenario.run(CucumberScenario.java:44)
at cucumber.runtime.model.CucumberScenarioOutline.run(CucumberScenarioOutline.java:46)
at cucumber.runtime.model.CucumberFeature.run(CucumberFeature.java:165)
at cucumber.api.testng.TestNGCucumberRunner.runCucumber(TestNGCucumberRunner.java:63)
at cucumber.api.testng.AbstractTestNGCucumberTests.feature(AbstractTestNGCucumberTests.java:21)
at java.base/jdk.internal.reflect.NativeMethodAccessorImpl.invoke0(Native Method)
at java.base/jdk.internal.reflect.NativeMethodAccessorImpl.invoke(NativeMethodAccessorImpl.java:62)
at java.base/jdk.internal.reflect.DelegatingMethodAccessorImpl.invoke(DelegatingMethodAccessorImpl.java:43)
at java.base/java.lang.reflect.Method.invoke(Method.java:564)
at org.testng.internal.MethodInvocationHelper.invokeMethod(MethodInvocationHelper.java:133)
at org.testng.internal.TestInvoker.invokeMethod(TestInvoker.java:584)
at org.testng.internal.TestInvoker.retryFailed(TestInvoker.java:204)
at org.testng.internal.MethodRunner.runInSequence(MethodRunner.java:58)
at org.testng.internal.TestInvoker$MethodInvocationAgent.invoke(TestInvoker.java:804)
at org.testng.internal.TestInvoker.invokeTestMethods(TestInvoker.java:145)
at org.testng.internal.TestMethodWorker.invokeTestMethods(TestMethodWorker.java:146)
at org.testng.internal.TestMethodWorker.run(TestMethodWorker.java:128)
at java.base/java.util.ArrayList.forEach(ArrayList.java:1510)
at org.testng.TestRunner.privateRun(TestRunner.java:770)
at org.testng.TestRunner.run(TestRunner.java:591)
at org.testng.SuiteRunner.runTest(SuiteRunner.java:402)
at org.testng.SuiteRunner.runSequentially(SuiteRunner.java:396)
at org.testng.SuiteRunner.privateRun(SuiteRunner.java:355)
at org.testng.SuiteRunner.run(SuiteRunner.java:304)
at org.testng.SuiteRunnerWorker.runSuite(SuiteRunnerWorker.java:53)
at org.testng.SuiteRunnerWorker.run(SuiteRunnerWorker.java:96)
at org.testng.TestNG.runSuitesSequentially(TestNG.java:1180)
at org.testng.TestNG.runSuitesLocally(TestNG.java:1102)
at org.testng.TestNG.runSuites(TestNG.java:1032)
at org.testng.TestNG.run(TestNG.java:1000)
at org.testng.remote.AbstractRemoteTestNG.run(AbstractRemoteTestNG.java:115)
at org.testng.remote.RemoteTestNG.initAndRun(RemoteTestNG.java:251)
at org.testng.remote.RemoteTestNG.main(RemoteTestNG.java:77)
at âœ½.Given user navigates to the website "WINDOWS7", "chrome", "80", "https://www.javatpoint.com"(src/test/java/com/features/login.feature:5)
]]>
    </error>
  </testcase> <!-- feature -->
  <testcase classname="com.runner.TestRunner" name="feature" time="17.084">
    <skipped/>
  </testcase> <!-- feature -->
</testsuite> <!-- com.runner.TestRunner -->
